{"C:\\w_bimp\\use-store-path\\out-tsc\\getSubscribePath.js": {"path":"C:\\w_bimp\\use-store-path\\out-tsc\\getSubscribePath.js","statementMap":{"0":{"start":{"line":1,"column":25},"end":{"line":62,"column":1}},"1":{"start":{"line":2,"column":25},"end":{"line":2,"column":64}},"2":{"start":{"line":3,"column":22},"end":{"line":3,"column":24}},"3":{"start":{"line":4,"column":27},"end":{"line":10,"column":5}},"4":{"start":{"line":5,"column":20},"end":{"line":5,"column":30}},"5":{"start":{"line":6,"column":8},"end":{"line":8,"column":11}},"6":{"start":{"line":7,"column":12},"end":{"line":7,"column":41}},"7":{"start":{"line":9,"column":8},"end":{"line":9,"column":21}},"8":{"start":{"line":11,"column":26},"end":{"line":29,"column":5}},"9":{"start":{"line":12,"column":23},"end":{"line":12,"column":35}},"10":{"start":{"line":13,"column":27},"end":{"line":13,"column":44}},"11":{"start":{"line":14,"column":8},"end":{"line":24,"column":11}},"12":{"start":{"line":15,"column":34},"end":{"line":15,"column":56}},"13":{"start":{"line":16,"column":12},"end":{"line":22,"column":13}},"14":{"start":{"line":17,"column":16},"end":{"line":17,"column":67}},"15":{"start":{"line":18,"column":16},"end":{"line":18,"column":49}},"16":{"start":{"line":21,"column":16},"end":{"line":21,"column":41}},"17":{"start":{"line":23,"column":12},"end":{"line":23,"column":45}},"18":{"start":{"line":25,"column":8},"end":{"line":25,"column":47}},"19":{"start":{"line":26,"column":8},"end":{"line":28,"column":10}},"20":{"start":{"line":27,"column":12},"end":{"line":27,"column":85}},"21":{"start":{"line":30,"column":17},"end":{"line":43,"column":5}},"22":{"start":{"line":31,"column":8},"end":{"line":42,"column":9}},"23":{"start":{"line":32,"column":12},"end":{"line":34,"column":13}},"24":{"start":{"line":33,"column":16},"end":{"line":33,"column":95}},"25":{"start":{"line":33,"column":67},"end":{"line":33,"column":92}},"26":{"start":{"line":33,"column":73},"end":{"line":33,"column":92}},"27":{"start":{"line":35,"column":12},"end":{"line":41,"column":13}},"28":{"start":{"line":36,"column":16},"end":{"line":40,"column":17}},"29":{"start":{"line":37,"column":41},"end":{"line":37,"column":69}},"30":{"start":{"line":38,"column":37},"end":{"line":38,"column":57}},"31":{"start":{"line":39,"column":20},"end":{"line":39,"column":59}},"32":{"start":{"line":44,"column":25},"end":{"line":49,"column":5}},"33":{"start":{"line":45,"column":8},"end":{"line":48,"column":9}},"34":{"start":{"line":46,"column":30},"end":{"line":46,"column":47}},"35":{"start":{"line":47,"column":12},"end":{"line":47,"column":24}},"36":{"start":{"line":50,"column":20},"end":{"line":50,"column":24}},"37":{"start":{"line":51,"column":26},"end":{"line":59,"column":5}},"38":{"start":{"line":52,"column":22},"end":{"line":52,"column":32}},"39":{"start":{"line":53,"column":27},"end":{"line":53,"column":49}},"40":{"start":{"line":54,"column":27},"end":{"line":54,"column":36}},"41":{"start":{"line":55,"column":8},"end":{"line":55,"column":26}},"42":{"start":{"line":56,"column":8},"end":{"line":56,"column":46}},"43":{"start":{"line":57,"column":8},"end":{"line":58,"column":27}},"44":{"start":{"line":58,"column":12},"end":{"line":58,"column":27}},"45":{"start":{"line":60,"column":4},"end":{"line":60,"column":29}},"46":{"start":{"line":61,"column":4},"end":{"line":61,"column":45}}},"fnMap":{"0":{"name":"(anonymous_0)","decl":{"start":{"line":1,"column":25},"end":{"line":1,"column":26}},"loc":{"start":{"line":1,"column":54},"end":{"line":62,"column":1}},"line":1},"1":{"name":"(anonymous_1)","decl":{"start":{"line":4,"column":27},"end":{"line":4,"column":28}},"loc":{"start":{"line":4,"column":37},"end":{"line":10,"column":5}},"line":4},"2":{"name":"(anonymous_2)","decl":{"start":{"line":6,"column":21},"end":{"line":6,"column":22}},"loc":{"start":{"line":6,"column":31},"end":{"line":8,"column":9}},"line":6},"3":{"name":"(anonymous_3)","decl":{"start":{"line":11,"column":26},"end":{"line":11,"column":27}},"loc":{"start":{"line":11,"column":50},"end":{"line":29,"column":5}},"line":11},"4":{"name":"(anonymous_4)","decl":{"start":{"line":14,"column":21},"end":{"line":14,"column":22}},"loc":{"start":{"line":14,"column":31},"end":{"line":24,"column":9}},"line":14},"5":{"name":"(anonymous_5)","decl":{"start":{"line":26,"column":15},"end":{"line":26,"column":16}},"loc":{"start":{"line":26,"column":21},"end":{"line":28,"column":9}},"line":26},"6":{"name":"(anonymous_6)","decl":{"start":{"line":30,"column":17},"end":{"line":30,"column":18}},"loc":{"start":{"line":30,"column":65},"end":{"line":43,"column":5}},"line":30},"7":{"name":"(anonymous_7)","decl":{"start":{"line":33,"column":49},"end":{"line":33,"column":50}},"loc":{"start":{"line":33,"column":67},"end":{"line":33,"column":92}},"line":33},"8":{"name":"(anonymous_8)","decl":{"start":{"line":33,"column":67},"end":{"line":33,"column":68}},"loc":{"start":{"line":33,"column":73},"end":{"line":33,"column":92}},"line":33},"9":{"name":"(anonymous_9)","decl":{"start":{"line":44,"column":25},"end":{"line":44,"column":26}},"loc":{"start":{"line":44,"column":31},"end":{"line":49,"column":5}},"line":44},"10":{"name":"(anonymous_10)","decl":{"start":{"line":51,"column":26},"end":{"line":51,"column":27}},"loc":{"start":{"line":51,"column":32},"end":{"line":59,"column":5}},"line":51}},"branchMap":{"0":{"loc":{"start":{"line":7,"column":20},"end":{"line":7,"column":40}},"type":"binary-expr","locations":[{"start":{"line":7,"column":20},"end":{"line":7,"column":25}},{"start":{"line":7,"column":29},"end":{"line":7,"column":40}}],"line":7},"1":{"loc":{"start":{"line":16,"column":12},"end":{"line":22,"column":13}},"type":"if","locations":[{"start":{"line":16,"column":12},"end":{"line":22,"column":13}},{"start":{"line":16,"column":12},"end":{"line":22,"column":13}}],"line":16},"2":{"loc":{"start":{"line":31,"column":8},"end":{"line":42,"column":9}},"type":"if","locations":[{"start":{"line":31,"column":8},"end":{"line":42,"column":9}},{"start":{"line":31,"column":8},"end":{"line":42,"column":9}}],"line":31},"3":{"loc":{"start":{"line":32,"column":12},"end":{"line":34,"column":13}},"type":"if","locations":[{"start":{"line":32,"column":12},"end":{"line":34,"column":13}},{"start":{"line":32,"column":12},"end":{"line":34,"column":13}}],"line":32},"4":{"loc":{"start":{"line":35,"column":12},"end":{"line":41,"column":13}},"type":"if","locations":[{"start":{"line":35,"column":12},"end":{"line":41,"column":13}},{"start":{"line":35,"column":12},"end":{"line":41,"column":13}}],"line":35},"5":{"loc":{"start":{"line":37,"column":41},"end":{"line":37,"column":69}},"type":"binary-expr","locations":[{"start":{"line":37,"column":41},"end":{"line":37,"column":50}},{"start":{"line":37,"column":54},"end":{"line":37,"column":69}}],"line":37},"6":{"loc":{"start":{"line":38,"column":37},"end":{"line":38,"column":57}},"type":"binary-expr","locations":[{"start":{"line":38,"column":37},"end":{"line":38,"column":42}},{"start":{"line":38,"column":46},"end":{"line":38,"column":57}}],"line":38},"7":{"loc":{"start":{"line":57,"column":8},"end":{"line":58,"column":27}},"type":"if","locations":[{"start":{"line":57,"column":8},"end":{"line":58,"column":27}},{"start":{"line":57,"column":8},"end":{"line":58,"column":27}}],"line":57}},"s":{"0":1,"1":1,"2":1,"3":1,"4":4,"5":4,"6":12,"7":4,"8":1,"9":5,"10":5,"11":5,"12":12,"13":12,"14":4,"15":4,"16":8,"17":12,"18":5,"19":5,"20":4,"21":1,"22":54,"23":47,"24":17,"25":22,"26":22,"27":47,"28":34,"29":40,"30":40,"31":40,"32":1,"33":10,"34":22,"35":22,"36":1,"37":1,"38":14,"39":14,"40":14,"41":14,"42":14,"43":14,"44":10,"45":1,"46":1},"f":{"0":1,"1":4,"2":12,"3":5,"4":12,"5":4,"6":54,"7":22,"8":22,"9":10,"10":14},"b":{"0":[12,11],"1":[4,8],"2":[47,7],"3":[17,30],"4":[34,13],"5":[40,38],"6":[40,38],"7":[10,4]},"_coverageSchema":"1a1c01bbd47fc00a2c39e90264f33305004495a9","hash":"e61932ef9583973e62096101860987c9dbfa0d5a"}
,"C:\\w_bimp\\use-store-path\\out-tsc\\getUseStorePath.js": {"path":"C:\\w_bimp\\use-store-path\\out-tsc\\getUseStorePath.js","statementMap":{"0":{"start":{"line":3,"column":24},"end":{"line":15,"column":1}},"1":{"start":{"line":4,"column":46},"end":{"line":4,"column":69}},"2":{"start":{"line":5,"column":4},"end":{"line":14,"column":6}},"3":{"start":{"line":6,"column":26},"end":{"line":6,"column":65}},"4":{"start":{"line":6,"column":40},"end":{"line":6,"column":60}},"5":{"start":{"line":7,"column":29},"end":{"line":7,"column":48}},"6":{"start":{"line":8,"column":8},"end":{"line":12,"column":17}},"7":{"start":{"line":9,"column":26},"end":{"line":9,"column":74}},"8":{"start":{"line":9,"column":57},"end":{"line":9,"column":73}},"9":{"start":{"line":9,"column":67},"end":{"line":9,"column":72}},"10":{"start":{"line":10,"column":12},"end":{"line":10,"column":44}},"11":{"start":{"line":10,"column":22},"end":{"line":10,"column":42}},"12":{"start":{"line":11,"column":12},"end":{"line":11,"column":25}},"13":{"start":{"line":13,"column":8},"end":{"line":13,"column":21}}},"fnMap":{"0":{"name":"(anonymous_0)","decl":{"start":{"line":3,"column":24},"end":{"line":3,"column":25}},"loc":{"start":{"line":3,"column":35},"end":{"line":15,"column":1}},"line":3},"1":{"name":"(anonymous_1)","decl":{"start":{"line":5,"column":11},"end":{"line":5,"column":12}},"loc":{"start":{"line":5,"column":21},"end":{"line":14,"column":5}},"line":5},"2":{"name":"(anonymous_2)","decl":{"start":{"line":6,"column":34},"end":{"line":6,"column":35}},"loc":{"start":{"line":6,"column":40},"end":{"line":6,"column":60}},"line":6},"3":{"name":"(anonymous_3)","decl":{"start":{"line":8,"column":18},"end":{"line":8,"column":19}},"loc":{"start":{"line":8,"column":24},"end":{"line":12,"column":9}},"line":8},"4":{"name":"(anonymous_4)","decl":{"start":{"line":9,"column":46},"end":{"line":9,"column":47}},"loc":{"start":{"line":9,"column":57},"end":{"line":9,"column":73}},"line":9},"5":{"name":"(anonymous_5)","decl":{"start":{"line":9,"column":61},"end":{"line":9,"column":62}},"loc":{"start":{"line":9,"column":67},"end":{"line":9,"column":72}},"line":9},"6":{"name":"(anonymous_6)","decl":{"start":{"line":10,"column":16},"end":{"line":10,"column":17}},"loc":{"start":{"line":10,"column":22},"end":{"line":10,"column":42}},"line":10}},"branchMap":{},"s":{"0":1,"1":0,"2":0,"3":0,"4":0,"5":0,"6":0,"7":0,"8":0,"9":0,"10":0,"11":0,"12":0,"13":0},"f":{"0":0,"1":0,"2":0,"3":0,"4":0,"5":0,"6":0},"b":{},"_coverageSchema":"1a1c01bbd47fc00a2c39e90264f33305004495a9","hash":"a1d1cdb9c71b0f0aadb7ce68d22ebd8ed310c1ca"}
,"C:\\w_bimp\\use-store-path\\out-tsc\\index.js": {"path":"C:\\w_bimp\\use-store-path\\out-tsc\\index.js","statementMap":{},"fnMap":{},"branchMap":{},"s":{},"f":{},"b":{},"_coverageSchema":"1a1c01bbd47fc00a2c39e90264f33305004495a9","hash":"09c259e3427d04b9a7c898ae9b54a05113f7a063"}
,"C:\\w_bimp\\use-store-path\\src\\getSubscribePath.ts": {"path":"C:\\w_bimp\\use-store-path\\src\\getSubscribePath.ts","statementMap":{"0":{"start":{"line":15,"column":25},"end":{"line":81,"column":1}},"1":{"start":{"line":16,"column":33},"end":{"line":16,"column":72}},"2":{"start":{"line":17,"column":33},"end":{"line":17,"column":35}},"3":{"start":{"line":19,"column":25},"end":{"line":25,"column":3}},"4":{"start":{"line":20,"column":25},"end":{"line":20,"column":35}},"5":{"start":{"line":21,"column":4},"end":{"line":23,"column":7}},"6":{"start":{"line":22,"column":6},"end":{"line":22,"column":64}},"7":{"start":{"line":24,"column":4},"end":{"line":24,"column":17}},"8":{"start":{"line":27,"column":24},"end":{"line":44,"column":3}},"9":{"start":{"line":28,"column":19},"end":{"line":28,"column":31}},"10":{"start":{"line":29,"column":23},"end":{"line":29,"column":40}},"11":{"start":{"line":30,"column":4},"end":{"line":39,"column":7}},"12":{"start":{"line":31,"column":28},"end":{"line":31,"column":50}},"13":{"start":{"line":32,"column":6},"end":{"line":37,"column":7}},"14":{"start":{"line":33,"column":8},"end":{"line":33,"column":59}},"15":{"start":{"line":34,"column":8},"end":{"line":34,"column":41}},"16":{"start":{"line":36,"column":8},"end":{"line":36,"column":32}},"17":{"start":{"line":38,"column":6},"end":{"line":38,"column":39}},"18":{"start":{"line":40,"column":4},"end":{"line":40,"column":43}},"19":{"start":{"line":41,"column":4},"end":{"line":43,"column":6}},"20":{"start":{"line":42,"column":6},"end":{"line":42,"column":79}},"21":{"start":{"line":46,"column":15},"end":{"line":59,"column":3}},"22":{"start":{"line":47,"column":4},"end":{"line":58,"column":5}},"23":{"start":{"line":48,"column":6},"end":{"line":50,"column":7}},"24":{"start":{"line":49,"column":8},"end":{"line":49,"column":87}},"25":{"start":{"line":49,"column":59},"end":{"line":49,"column":84}},"26":{"start":{"line":49,"column":65},"end":{"line":49,"column":84}},"27":{"start":{"line":51,"column":6},"end":{"line":57,"column":7}},"28":{"start":{"line":52,"column":8},"end":{"line":56,"column":9}},"29":{"start":{"line":53,"column":31},"end":{"line":53,"column":88}},"30":{"start":{"line":54,"column":27},"end":{"line":54,"column":76}},"31":{"start":{"line":55,"column":10},"end":{"line":55,"column":49}},"32":{"start":{"line":61,"column":23},"end":{"line":66,"column":3}},"33":{"start":{"line":62,"column":4},"end":{"line":65,"column":5}},"34":{"start":{"line":63,"column":24},"end":{"line":63,"column":53}},"35":{"start":{"line":64,"column":6},"end":{"line":64,"column":18}},"36":{"start":{"line":68,"column":28},"end":{"line":68,"column":32}},"37":{"start":{"line":69,"column":24},"end":{"line":76,"column":3}},"38":{"start":{"line":70,"column":18},"end":{"line":70,"column":28}},"39":{"start":{"line":71,"column":23},"end":{"line":71,"column":45}},"40":{"start":{"line":72,"column":23},"end":{"line":72,"column":32}},"41":{"start":{"line":73,"column":4},"end":{"line":73,"column":22}},"42":{"start":{"line":74,"column":4},"end":{"line":74,"column":42}},"43":{"start":{"line":75,"column":4},"end":{"line":75,"column":35}},"44":{"start":{"line":75,"column":20},"end":{"line":75,"column":35}},"45":{"start":{"line":78,"column":2},"end":{"line":78,"column":27}},"46":{"start":{"line":80,"column":2},"end":{"line":80,"column":43}}},"fnMap":{"0":{"name":"(anonymous_0)","decl":{"start":{"line":15,"column":25},"end":{"line":15,"column":26}},"loc":{"start":{"line":15,"column":73},"end":{"line":81,"column":1}},"line":15},"1":{"name":"(anonymous_1)","decl":{"start":{"line":19,"column":25},"end":{"line":19,"column":26}},"loc":{"start":{"line":19,"column":45},"end":{"line":25,"column":3}},"line":19},"2":{"name":"(anonymous_2)","decl":{"start":{"line":21,"column":17},"end":{"line":21,"column":18}},"loc":{"start":{"line":21,"column":27},"end":{"line":23,"column":5}},"line":21},"3":{"name":"(anonymous_3)","decl":{"start":{"line":27,"column":24},"end":{"line":27,"column":25}},"loc":{"start":{"line":27,"column":72},"end":{"line":44,"column":3}},"line":27},"4":{"name":"(anonymous_4)","decl":{"start":{"line":30,"column":17},"end":{"line":30,"column":18}},"loc":{"start":{"line":30,"column":27},"end":{"line":39,"column":5}},"line":30},"5":{"name":"(anonymous_5)","decl":{"start":{"line":41,"column":11},"end":{"line":41,"column":12}},"loc":{"start":{"line":41,"column":17},"end":{"line":43,"column":5}},"line":41},"6":{"name":"(anonymous_6)","decl":{"start":{"line":46,"column":15},"end":{"line":46,"column":16}},"loc":{"start":{"line":46,"column":91},"end":{"line":59,"column":3}},"line":46},"7":{"name":"(anonymous_7)","decl":{"start":{"line":49,"column":41},"end":{"line":49,"column":42}},"loc":{"start":{"line":49,"column":59},"end":{"line":49,"column":84}},"line":49},"8":{"name":"(anonymous_8)","decl":{"start":{"line":49,"column":59},"end":{"line":49,"column":60}},"loc":{"start":{"line":49,"column":65},"end":{"line":49,"column":84}},"line":49},"9":{"name":"(anonymous_9)","decl":{"start":{"line":61,"column":23},"end":{"line":61,"column":24}},"loc":{"start":{"line":61,"column":29},"end":{"line":66,"column":3}},"line":61},"10":{"name":"(anonymous_10)","decl":{"start":{"line":69,"column":24},"end":{"line":69,"column":25}},"loc":{"start":{"line":69,"column":30},"end":{"line":76,"column":3}},"line":69}},"branchMap":{"0":{"loc":{"start":{"line":22,"column":14},"end":{"line":22,"column":63}},"type":"binary-expr","locations":[{"start":{"line":22,"column":14},"end":{"line":22,"column":19}},{"start":{"line":22,"column":23},"end":{"line":22,"column":63}}],"line":22},"1":{"loc":{"start":{"line":32,"column":6},"end":{"line":37,"column":7}},"type":"if","locations":[{"start":{"line":32,"column":6},"end":{"line":37,"column":7}},{"start":{"line":32,"column":6},"end":{"line":37,"column":7}}],"line":32},"2":{"loc":{"start":{"line":47,"column":4},"end":{"line":58,"column":5}},"type":"if","locations":[{"start":{"line":47,"column":4},"end":{"line":58,"column":5}},{"start":{"line":47,"column":4},"end":{"line":58,"column":5}}],"line":47},"3":{"loc":{"start":{"line":48,"column":6},"end":{"line":50,"column":7}},"type":"if","locations":[{"start":{"line":48,"column":6},"end":{"line":50,"column":7}},{"start":{"line":48,"column":6},"end":{"line":50,"column":7}}],"line":48},"4":{"loc":{"start":{"line":51,"column":6},"end":{"line":57,"column":7}},"type":"if","locations":[{"start":{"line":51,"column":6},"end":{"line":57,"column":7}},{"start":{"line":51,"column":6},"end":{"line":57,"column":7}}],"line":51},"5":{"loc":{"start":{"line":53,"column":31},"end":{"line":53,"column":88}},"type":"binary-expr","locations":[{"start":{"line":53,"column":31},"end":{"line":53,"column":40}},{"start":{"line":53,"column":44},"end":{"line":53,"column":88}}],"line":53},"6":{"loc":{"start":{"line":54,"column":27},"end":{"line":54,"column":76}},"type":"binary-expr","locations":[{"start":{"line":54,"column":27},"end":{"line":54,"column":32}},{"start":{"line":54,"column":36},"end":{"line":54,"column":76}}],"line":54},"7":{"loc":{"start":{"line":75,"column":4},"end":{"line":75,"column":35}},"type":"if","locations":[{"start":{"line":75,"column":4},"end":{"line":75,"column":35}},{"start":{"line":75,"column":4},"end":{"line":75,"column":35}}],"line":75}},"s":{"0":1,"1":1,"2":1,"3":1,"4":4,"5":4,"6":12,"7":4,"8":1,"9":5,"10":5,"11":5,"12":12,"13":12,"14":4,"15":4,"16":8,"17":12,"18":5,"19":5,"20":4,"21":1,"22":54,"23":47,"24":17,"25":22,"26":22,"27":47,"28":34,"29":40,"30":40,"31":40,"32":1,"33":10,"34":22,"35":22,"36":1,"37":1,"38":14,"39":14,"40":14,"41":14,"42":14,"43":14,"44":10,"45":1,"46":1},"f":{"0":1,"1":4,"2":12,"3":5,"4":12,"5":4,"6":54,"7":22,"8":22,"9":10,"10":14},"b":{"0":[12,11],"1":[4,8],"2":[47,7],"3":[17,30],"4":[34,13],"5":[40,38],"6":[40,38],"7":[10,4]},"_coverageSchema":"1a1c01bbd47fc00a2c39e90264f33305004495a9","hash":"ad3ab1ae9d7559813f6a194ca0ba549a8842d4c4"}
,"C:\\w_bimp\\use-store-path\\src\\getUseStorePath.ts": {"path":"C:\\w_bimp\\use-store-path\\src\\getUseStorePath.ts","statementMap":{"0":{"start":{"line":5,"column":24},"end":{"line":17,"column":1}},"1":{"start":{"line":6,"column":44},"end":{"line":6,"column":67}},"2":{"start":{"line":7,"column":2},"end":{"line":16,"column":4}},"3":{"start":{"line":8,"column":24},"end":{"line":8,"column":63}},"4":{"start":{"line":8,"column":38},"end":{"line":8,"column":58}},"5":{"start":{"line":9,"column":27},"end":{"line":9,"column":46}},"6":{"start":{"line":10,"column":6},"end":{"line":14,"column":15}},"7":{"start":{"line":11,"column":24},"end":{"line":11,"column":72}},"8":{"start":{"line":11,"column":55},"end":{"line":11,"column":71}},"9":{"start":{"line":11,"column":65},"end":{"line":11,"column":70}},"10":{"start":{"line":12,"column":10},"end":{"line":12,"column":42}},"11":{"start":{"line":12,"column":20},"end":{"line":12,"column":40}},"12":{"start":{"line":13,"column":10},"end":{"line":13,"column":23}},"13":{"start":{"line":15,"column":6},"end":{"line":15,"column":24}}},"fnMap":{"0":{"name":"(anonymous_0)","decl":{"start":{"line":5,"column":24},"end":{"line":5,"column":25}},"loc":{"start":{"line":5,"column":54},"end":{"line":17,"column":1}},"line":5},"1":{"name":"(anonymous_1)","decl":{"start":{"line":7,"column":9},"end":{"line":7,"column":10}},"loc":{"start":{"line":7,"column":45},"end":{"line":16,"column":3}},"line":7},"2":{"name":"(anonymous_2)","decl":{"start":{"line":8,"column":32},"end":{"line":8,"column":33}},"loc":{"start":{"line":8,"column":38},"end":{"line":8,"column":58}},"line":8},"3":{"name":"(anonymous_3)","decl":{"start":{"line":10,"column":16},"end":{"line":10,"column":17}},"loc":{"start":{"line":10,"column":22},"end":{"line":14,"column":7}},"line":10},"4":{"name":"(anonymous_4)","decl":{"start":{"line":11,"column":44},"end":{"line":11,"column":45}},"loc":{"start":{"line":11,"column":55},"end":{"line":11,"column":71}},"line":11},"5":{"name":"(anonymous_5)","decl":{"start":{"line":11,"column":59},"end":{"line":11,"column":60}},"loc":{"start":{"line":11,"column":65},"end":{"line":11,"column":70}},"line":11},"6":{"name":"(anonymous_6)","decl":{"start":{"line":12,"column":14},"end":{"line":12,"column":15}},"loc":{"start":{"line":12,"column":20},"end":{"line":12,"column":40}},"line":12}},"branchMap":{},"s":{"0":1,"1":0,"2":0,"3":0,"4":0,"5":0,"6":0,"7":0,"8":0,"9":0,"10":0,"11":0,"12":0,"13":0},"f":{"0":0,"1":0,"2":0,"3":0,"4":0,"5":0,"6":0},"b":{},"_coverageSchema":"1a1c01bbd47fc00a2c39e90264f33305004495a9","hash":"6bbc6815bb82ac2e5848bcf1b3a943d00c30780c"}
,"C:\\w_bimp\\use-store-path\\src\\index.ts": {"path":"C:\\w_bimp\\use-store-path\\src\\index.ts","statementMap":{},"fnMap":{},"branchMap":{},"s":{},"f":{},"b":{},"_coverageSchema":"1a1c01bbd47fc00a2c39e90264f33305004495a9","hash":"6a3e35f7bf02acf9ab32f1b301d1ff20423aeeba"}
}
