TN:
SF:out-tsc\getSubscribePath.js
FN:1,(anonymous_0)
FN:4,(anonymous_1)
FN:6,(anonymous_2)
FN:11,(anonymous_3)
FN:14,(anonymous_4)
FN:26,(anonymous_5)
FN:30,(anonymous_6)
FN:33,(anonymous_7)
FN:33,(anonymous_8)
FN:44,(anonymous_9)
FN:53,(anonymous_10)
FNF:11
FNH:11
FNDA:1,(anonymous_0)
FNDA:4,(anonymous_1)
FNDA:12,(anonymous_2)
FNDA:4,(anonymous_3)
FNDA:9,(anonymous_4)
FNDA:2,(anonymous_5)
FNDA:34,(anonymous_6)
FNDA:14,(anonymous_7)
FNDA:14,(anonymous_8)
FNDA:10,(anonymous_9)
FNDA:10,(anonymous_10)
DA:1,1
DA:2,1
DA:3,1
DA:4,1
DA:5,4
DA:6,4
DA:7,12
DA:9,4
DA:11,1
DA:12,4
DA:13,4
DA:14,4
DA:15,9
DA:16,9
DA:17,4
DA:18,4
DA:21,5
DA:23,9
DA:25,4
DA:26,4
DA:27,2
DA:30,1
DA:31,34
DA:32,29
DA:33,14
DA:35,29
DA:36,22
DA:37,24
DA:38,24
DA:39,24
DA:44,1
DA:45,10
DA:46,14
DA:47,14
DA:48,14
DA:52,1
DA:53,1
DA:54,10
DA:55,10
DA:56,10
DA:57,10
DA:58,10
DA:59,10
DA:61,1
DA:62,1
LF:45
LH:45
BRDA:7,0,0,12
BRDA:7,0,1,11
BRDA:16,1,0,4
BRDA:16,1,1,5
BRDA:31,2,0,29
BRDA:31,2,1,5
BRDA:32,3,0,11
BRDA:32,3,1,18
BRDA:35,4,0,22
BRDA:35,4,1,7
BRDA:37,5,0,24
BRDA:37,5,1,22
BRDA:38,6,0,24
BRDA:38,6,1,22
BRDA:47,7,0,14
BRDA:47,7,1,0
BRDA:57,8,0,10
BRDA:57,8,1,0
BRF:18
BRH:16
end_of_record
TN:
SF:out-tsc\getUseStorePath.js
FN:3,(anonymous_0)
FN:5,(anonymous_1)
FN:6,(anonymous_2)
FN:8,(anonymous_3)
FN:9,(anonymous_4)
FN:9,(anonymous_5)
FN:10,(anonymous_6)
FNF:7
FNH:0
FNDA:0,(anonymous_0)
FNDA:0,(anonymous_1)
FNDA:0,(anonymous_2)
FNDA:0,(anonymous_3)
FNDA:0,(anonymous_4)
FNDA:0,(anonymous_5)
FNDA:0,(anonymous_6)
DA:3,1
DA:4,0
DA:5,0
DA:6,0
DA:7,0
DA:8,0
DA:9,0
DA:10,0
DA:11,0
DA:13,0
LF:10
LH:1
BRF:0
BRH:0
end_of_record
TN:
SF:out-tsc\index.js
FNF:0
FNH:0
LF:0
LH:0
BRF:0
BRH:0
end_of_record
TN:
SF:src\getSubscribePath.ts
FN:15,(anonymous_0)
FN:19,(anonymous_1)
FN:21,(anonymous_2)
FN:27,(anonymous_3)
FN:30,(anonymous_4)
FN:41,(anonymous_5)
FN:46,(anonymous_6)
FN:49,(anonymous_7)
FN:49,(anonymous_8)
FN:61,(anonymous_9)
FN:71,(anonymous_10)
FNF:11
FNH:11
FNDA:1,(anonymous_0)
FNDA:4,(anonymous_1)
FNDA:12,(anonymous_2)
FNDA:4,(anonymous_3)
FNDA:9,(anonymous_4)
FNDA:2,(anonymous_5)
FNDA:44,(anonymous_6)
FNDA:17,(anonymous_7)
FNDA:17,(anonymous_8)
FNDA:12,(anonymous_9)
FNDA:12,(anonymous_10)
DA:15,1
DA:16,1
DA:17,1
DA:19,1
DA:20,4
DA:21,4
DA:22,12
DA:24,4
DA:27,1
DA:28,4
DA:29,4
DA:30,4
DA:31,9
DA:32,9
DA:33,4
DA:34,4
DA:36,5
DA:38,9
DA:40,4
DA:41,4
DA:42,2
DA:46,1
DA:47,44
DA:48,38
DA:49,17
DA:51,38
DA:52,28
DA:53,32
DA:54,32
DA:55,32
DA:61,1
DA:62,12
DA:63,17
DA:64,17
DA:65,17
DA:70,1
DA:71,1
DA:72,12
DA:73,12
DA:74,12
DA:75,12
DA:76,12
DA:77,12
DA:80,1
DA:82,1
LF:45
LH:45
BRDA:22,0,0,12
BRDA:22,0,1,11
BRDA:32,1,0,4
BRDA:32,1,1,5
BRDA:47,2,0,38
BRDA:47,2,1,6
BRDA:48,3,0,14
BRDA:48,3,1,24
BRDA:51,4,0,28
BRDA:51,4,1,10
BRDA:53,5,0,32
BRDA:53,5,1,30
BRDA:54,6,0,32
BRDA:54,6,1,30
BRDA:64,7,0,17
BRDA:64,7,1,0
BRDA:77,8,0,12
BRDA:77,8,1,0
BRF:18
BRH:16
end_of_record
TN:
SF:src\getUseStorePath.ts
FN:5,(anonymous_0)
FN:7,(anonymous_1)
FN:8,(anonymous_2)
FN:10,(anonymous_3)
FN:11,(anonymous_4)
FN:11,(anonymous_5)
FN:12,(anonymous_6)
FNF:7
FNH:0
FNDA:0,(anonymous_0)
FNDA:0,(anonymous_1)
FNDA:0,(anonymous_2)
FNDA:0,(anonymous_3)
FNDA:0,(anonymous_4)
FNDA:0,(anonymous_5)
FNDA:0,(anonymous_6)
DA:5,1
DA:6,0
DA:7,0
DA:8,0
DA:9,0
DA:10,0
DA:11,0
DA:12,0
DA:13,0
DA:15,0
LF:10
LH:1
BRF:0
BRH:0
end_of_record
TN:
SF:src\index.ts
FNF:0
FNH:0
LF:0
LH:0
BRF:0
BRH:0
end_of_record
