TN:
SF:out-tsc\getSubscribePath.js
FN:1,(anonymous_0)
FN:4,(anonymous_1)
FN:6,(anonymous_2)
FN:11,(anonymous_3)
FN:14,(anonymous_4)
FN:26,(anonymous_5)
FN:30,(anonymous_6)
FN:33,(anonymous_7)
FN:33,(anonymous_8)
FN:44,(anonymous_9)
FN:51,(anonymous_10)
FNF:11
FNH:11
FNDA:1,(anonymous_0)
FNDA:4,(anonymous_1)
FNDA:12,(anonymous_2)
FNDA:5,(anonymous_3)
FNDA:12,(anonymous_4)
FNDA:4,(anonymous_5)
FNDA:54,(anonymous_6)
FNDA:22,(anonymous_7)
FNDA:22,(anonymous_8)
FNDA:10,(anonymous_9)
FNDA:14,(anonymous_10)
DA:1,1
DA:2,1
DA:3,1
DA:4,1
DA:5,4
DA:6,4
DA:7,12
DA:9,4
DA:11,1
DA:12,5
DA:13,5
DA:14,5
DA:15,12
DA:16,12
DA:17,4
DA:18,4
DA:21,8
DA:23,12
DA:25,5
DA:26,5
DA:27,4
DA:30,1
DA:31,54
DA:32,47
DA:33,22
DA:35,47
DA:36,34
DA:37,40
DA:38,40
DA:39,40
DA:44,1
DA:45,10
DA:46,22
DA:47,22
DA:50,1
DA:51,1
DA:52,14
DA:53,14
DA:54,14
DA:55,14
DA:56,14
DA:57,14
DA:58,10
DA:60,1
DA:61,1
LF:45
LH:45
BRDA:7,0,0,12
BRDA:7,0,1,11
BRDA:16,1,0,4
BRDA:16,1,1,8
BRDA:31,2,0,47
BRDA:31,2,1,7
BRDA:32,3,0,17
BRDA:32,3,1,30
BRDA:35,4,0,34
BRDA:35,4,1,13
BRDA:37,5,0,40
BRDA:37,5,1,38
BRDA:38,6,0,40
BRDA:38,6,1,38
BRDA:57,7,0,10
BRDA:57,7,1,4
BRF:16
BRH:16
end_of_record
TN:
SF:out-tsc\getUseStorePath.js
FN:3,(anonymous_0)
FN:5,(anonymous_1)
FN:6,(anonymous_2)
FN:8,(anonymous_3)
FN:9,(anonymous_4)
FN:9,(anonymous_5)
FN:10,(anonymous_6)
FNF:7
FNH:0
FNDA:0,(anonymous_0)
FNDA:0,(anonymous_1)
FNDA:0,(anonymous_2)
FNDA:0,(anonymous_3)
FNDA:0,(anonymous_4)
FNDA:0,(anonymous_5)
FNDA:0,(anonymous_6)
DA:3,1
DA:4,0
DA:5,0
DA:6,0
DA:7,0
DA:8,0
DA:9,0
DA:10,0
DA:11,0
DA:13,0
LF:10
LH:1
BRF:0
BRH:0
end_of_record
TN:
SF:out-tsc\index.js
FNF:0
FNH:0
LF:0
LH:0
BRF:0
BRH:0
end_of_record
TN:
SF:src\getSubscribePath.ts
FN:15,(anonymous_0)
FN:19,(anonymous_1)
FN:21,(anonymous_2)
FN:27,(anonymous_3)
FN:30,(anonymous_4)
FN:41,(anonymous_5)
FN:46,(anonymous_6)
FN:49,(anonymous_7)
FN:49,(anonymous_8)
FN:61,(anonymous_9)
FN:69,(anonymous_10)
FNF:11
FNH:11
FNDA:1,(anonymous_0)
FNDA:4,(anonymous_1)
FNDA:12,(anonymous_2)
FNDA:5,(anonymous_3)
FNDA:12,(anonymous_4)
FNDA:4,(anonymous_5)
FNDA:54,(anonymous_6)
FNDA:22,(anonymous_7)
FNDA:22,(anonymous_8)
FNDA:10,(anonymous_9)
FNDA:14,(anonymous_10)
DA:15,1
DA:16,1
DA:17,1
DA:19,1
DA:20,4
DA:21,4
DA:22,12
DA:24,4
DA:27,1
DA:28,5
DA:29,5
DA:30,5
DA:31,12
DA:32,12
DA:33,4
DA:34,4
DA:36,8
DA:38,12
DA:40,5
DA:41,5
DA:42,4
DA:46,1
DA:47,54
DA:48,47
DA:49,22
DA:51,47
DA:52,34
DA:53,40
DA:54,40
DA:55,40
DA:61,1
DA:62,10
DA:63,22
DA:64,22
DA:68,1
DA:69,1
DA:70,14
DA:71,14
DA:72,14
DA:73,14
DA:74,14
DA:75,14
DA:78,1
DA:80,1
LF:44
LH:44
BRDA:22,0,0,12
BRDA:22,0,1,11
BRDA:32,1,0,4
BRDA:32,1,1,8
BRDA:47,2,0,47
BRDA:47,2,1,7
BRDA:48,3,0,17
BRDA:48,3,1,30
BRDA:51,4,0,34
BRDA:51,4,1,13
BRDA:53,5,0,40
BRDA:53,5,1,38
BRDA:54,6,0,40
BRDA:54,6,1,38
BRDA:75,7,0,10
BRDA:75,7,1,4
BRF:16
BRH:16
end_of_record
TN:
SF:src\getUseStorePath.ts
FN:5,(anonymous_0)
FN:7,(anonymous_1)
FN:8,(anonymous_2)
FN:10,(anonymous_3)
FN:11,(anonymous_4)
FN:11,(anonymous_5)
FN:12,(anonymous_6)
FNF:7
FNH:0
FNDA:0,(anonymous_0)
FNDA:0,(anonymous_1)
FNDA:0,(anonymous_2)
FNDA:0,(anonymous_3)
FNDA:0,(anonymous_4)
FNDA:0,(anonymous_5)
FNDA:0,(anonymous_6)
DA:5,1
DA:6,0
DA:7,0
DA:8,0
DA:9,0
DA:10,0
DA:11,0
DA:12,0
DA:13,0
DA:15,0
LF:10
LH:1
BRF:0
BRH:0
end_of_record
TN:
SF:src\index.ts
FNF:0
FNH:0
LF:0
LH:0
BRF:0
BRH:0
end_of_record
